<?xml version="1.0" encoding="UTF-8"?>
<!-- Generated by org.testng.reporters.JUnitReportReporter -->
<testsuite skipped="0" hostname="ChristiansSamsung" name="com.Class12.ReadingPropertyFile" tests="1" failures="0" timestamp="02 Jun 2019 17:57:56 GMT" time="4.816" errors="0">
  <testcase name="readFile" time="4.816" classname="com.Class12.ReadingPropertyFile"/>
</testsuite> <!-- com.Class12.ReadingPropertyFile -->
